<?xml version="1.0" encoding="UTF-8" ?>
<testsuite tests="226" failures="0" name="TestSuite" time="1.446" errors="0" skipped="0">
  <properties>
[...]
</properties>
  <testcase classname="storm.starter.bolt.IntermediateRankingsBoltTest" name="negativeOrZeroEmitFrequencyShouldThrowIAE" time="1.096"/>
  <testcase classname="storm.starter.bolt.IntermediateRankingsBoltTest" name="negativeOrZeroEmitFrequencyShouldThrowIAE" time="0"/>
  <testcase classname="storm.starter.bolt.IntermediateRankingsBoltTest" name="negativeOrZeroEmitFrequencyShouldThrowIAE" time="0"/>
  <testcase classname="storm.starter.bolt.IntermediateRankingsBoltTest" name="negativeOrZeroEmitFrequencyShouldThrowIAE" time="0"/>
  <testcase classname="storm.starter.bolt.IntermediateRankingsBoltTest" name="negativeOrZeroEmitFrequencyShouldThrowIAE" time="0"/>
  <testcase classname="storm.starter.bolt.IntermediateRankingsBoltTest" name="negativeOrZeroTopNShouldThrowIAE" time="0.001"/>
  <testcase classname="storm.starter.bolt.IntermediateRankingsBoltTest" name="negativeOrZeroTopNShouldThrowIAE" time="0"/>
  <testcase classname="storm.starter.bolt.IntermediateRankingsBoltTest" name="negativeOrZeroTopNShouldThrowIAE" time="0"/>
  <testcase classname="storm.starter.bolt.IntermediateRankingsBoltTest" name="negativeOrZeroTopNShouldThrowIAE" time="0"/>
  <testcase classname="storm.starter.bolt.IntermediateRankingsBoltTest" name="negativeOrZeroTopNShouldThrowIAE" time="0"/>
  <testcase classname="storm.starter.bolt.IntermediateRankingsBoltTest" name="positiveEmitFrequencyShouldBeOk" time="0"/>
  <testcase classname="storm.starter.bolt.IntermediateRankingsBoltTest" name="positiveEmitFrequencyShouldBeOk" time="0"/>
  <testcase classname="storm.starter.bolt.IntermediateRankingsBoltTest" name="positiveEmitFrequencyShouldBeOk" time="0"/>
  <testcase classname="storm.starter.bolt.IntermediateRankingsBoltTest" name="positiveEmitFrequencyShouldBeOk" time="0"/>
  <testcase classname="storm.starter.bolt.IntermediateRankingsBoltTest" name="positiveTopNShouldBeOk" time="0"/>
  <testcase classname="storm.starter.bolt.IntermediateRankingsBoltTest" name="positiveTopNShouldBeOk" time="0"/>
  <testcase classname="storm.starter.bolt.IntermediateRankingsBoltTest" name="positiveTopNShouldBeOk" time="0"/>
  <testcase classname="storm.starter.bolt.IntermediateRankingsBoltTest" name="positiveTopNShouldBeOk" time="0.001"/>
  <testcase classname="storm.starter.bolt.IntermediateRankingsBoltTest" name="shouldDeclareOutputFields" time="0"/>
  <testcase classname="storm.starter.bolt.IntermediateRankingsBoltTest" name="shouldEmitNothingIfNormalTupleIsReceived" time="0"/>
  <testcase classname="storm.starter.bolt.IntermediateRankingsBoltTest" name="shouldEmitSomethingIfTickTupleIsReceived" time="0"/>
  <testcase classname="storm.starter.bolt.IntermediateRankingsBoltTest" name="shouldSetTickTupleFrequencyInComponentConfigurationToNonZeroValue" time="0"/>
  <testcase classname="storm.starter.tools.NthLastModifiedTimeTrackerTest" name="negativeOrZeroNumTimesToTrackShouldThrowIAE" time="0"/>
  <testcase classname="storm.starter.tools.NthLastModifiedTimeTrackerTest" name="negativeOrZeroNumTimesToTrackShouldThrowIAE" time="0"/>
  <testcase classname="storm.starter.tools.NthLastModifiedTimeTrackerTest" name="negativeOrZeroNumTimesToTrackShouldThrowIAE" time="0"/>
  <testcase classname="storm.starter.tools.NthLastModifiedTimeTrackerTest" name="negativeOrZeroNumTimesToTrackShouldThrowIAE" time="0"/>
  <testcase classname="storm.starter.tools.NthLastModifiedTimeTrackerTest" name="negativeOrZeroNumTimesToTrackShouldThrowIAE" time="0"/>
  <testcase classname="storm.starter.tools.NthLastModifiedTimeTrackerTest" name="positiveNumTimesToTrackShouldBeOk" time="0"/>
  <testcase classname="storm.starter.tools.NthLastModifiedTimeTrackerTest" name="positiveNumTimesToTrackShouldBeOk" time="0"/>
  <testcase classname="storm.starter.tools.NthLastModifiedTimeTrackerTest" name="positiveNumTimesToTrackShouldBeOk" time="0"/>
  <testcase classname="storm.starter.tools.NthLastModifiedTimeTrackerTest" name="positiveNumTimesToTrackShouldBeOk" time="0"/>
  <testcase classname="storm.starter.tools.NthLastModifiedTimeTrackerTest" name="shouldReturnCorrectModifiedTimeEvenWhenNotYetMarkedAsModified" time="0"/>
  <testcase classname="storm.starter.tools.NthLastModifiedTimeTrackerTest" name="shouldReturnCorrectModifiedTimeEvenWhenNotYetMarkedAsModified" time="0"/>
  <testcase classname="storm.starter.tools.NthLastModifiedTimeTrackerTest" name="shouldReturnCorrectModifiedTimeEvenWhenNotYetMarkedAsModified" time="0"/>
  <testcase classname="storm.starter.tools.NthLastModifiedTimeTrackerTest" name="shouldReturnCorrectModifiedTimeEvenWhenNotYetMarkedAsModified" time="0"/>
  <testcase classname="storm.starter.tools.NthLastModifiedTimeTrackerTest" name="shouldReturnCorrectModifiedTimeEvenWhenNotYetMarkedAsModified" time="0"/>
  <testcase classname="storm.starter.tools.NthLastModifiedTimeTrackerTest" name="shouldReturnCorrectModifiedTimeEvenWhenNotYetMarkedAsModified" time="0"/>
  <testcase classname="storm.starter.tools.NthLastModifiedTimeTrackerTest" name="shouldReturnCorrectModifiedTimeEvenWhenNotYetMarkedAsModified" time="0"/>
  <testcase classname="storm.starter.tools.NthLastModifiedTimeTrackerTest" name="shouldReturnCorrectModifiedTimeEvenWhenNotYetMarkedAsModified" time="0"/>
  <testcase classname="storm.starter.tools.NthLastModifiedTimeTrackerTest" name="shouldReturnCorrectModifiedTimeWhenMarkedAsModified" time="0.009"/>
  <testcase classname="storm.starter.tools.NthLastModifiedTimeTrackerTest" name="shouldReturnCorrectModifiedTimeWhenMarkedAsModified" time="0.004"/>
  <testcase classname="storm.starter.tools.NthLastModifiedTimeTrackerTest" name="shouldReturnCorrectModifiedTimeWhenMarkedAsModified" time="0.001"/>
  <testcase classname="storm.starter.tools.NthLastModifiedTimeTrackerTest" name="shouldReturnCorrectModifiedTimeWhenMarkedAsModified" time="0"/>
  <testcase classname="storm.starter.tools.NthLastModifiedTimeTrackerTest" name="shouldReturnCorrectModifiedTimeWhenMarkedAsModified" time="0"/>
  <testcase classname="storm.starter.tools.NthLastModifiedTimeTrackerTest" name="shouldReturnCorrectModifiedTimeWhenMarkedAsModified" time="0"/>
  <testcase classname="storm.starter.tools.NthLastModifiedTimeTrackerTest" name="shouldReturnCorrectModifiedTimeWhenMarkedAsModified" time="0.001"/>
  <testcase classname="storm.starter.tools.NthLastModifiedTimeTrackerTest" name="shouldReturnCorrectModifiedTimeWhenMarkedAsModified" time="0"/>
  <testcase classname="storm.starter.tools.NthLastModifiedTimeTrackerTest" name="shouldReturnCorrectModifiedTimeWhenMarkedAsModified" time="0.001"/>
  <testcase classname="storm.starter.tools.NthLastModifiedTimeTrackerTest" name="shouldReturnCorrectModifiedTimeWhenMarkedAsModified" time="0.014"/>
  <testcase classname="storm.starter.tools.NthLastModifiedTimeTrackerTest" name="shouldReturnCorrectModifiedTimeWhenMarkedAsModified" time="0.001"/>
  <testcase classname="storm.starter.tools.NthLastModifiedTimeTrackerTest" name="shouldReturnCorrectModifiedTimeWhenMarkedAsModified" time="0"/>
  <testcase classname="storm.starter.tools.NthLastModifiedTimeTrackerTest" name="shouldReturnCorrectModifiedTimeWhenMarkedAsModified" time="0.001"/>
  <testcase classname="storm.starter.tools.NthLastModifiedTimeTrackerTest" name="shouldReturnCorrectModifiedTimeWhenMarkedAsModified" time="0"/>
  <testcase classname="storm.starter.tools.NthLastModifiedTimeTrackerTest" name="shouldReturnCorrectModifiedTimeWhenMarkedAsModified" time="0.001"/>
  <testcase classname="storm.starter.tools.NthLastModifiedTimeTrackerTest" name="shouldReturnCorrectModifiedTimeWhenMarkedAsModified" time="0.005"/>
  <testcase classname="storm.starter.tools.NthLastModifiedTimeTrackerTest" name="shouldReturnCorrectModifiedTimeWhenMarkedAsModified" time="0.002"/>
  <testcase classname="storm.starter.tools.NthLastModifiedTimeTrackerTest" name="shouldReturnCorrectModifiedTimeWhenMarkedAsModified" time="0"/>
  <testcase classname="storm.starter.tools.NthLastModifiedTimeTrackerTest" name="shouldReturnCorrectModifiedTimeWhenMarkedAsModified" time="0.001"/>
  <testcase classname="storm.starter.tools.NthLastModifiedTimeTrackerTest" name="shouldReturnCorrectModifiedTimeWhenMarkedAsModified" time="0"/>
  <testcase classname="storm.starter.tools.NthLastModifiedTimeTrackerTest" name="shouldReturnCorrectModifiedTimeWhenMarkedAsModified" time="0"/>
  <testcase classname="storm.starter.tools.NthLastModifiedTimeTrackerTest" name="shouldReturnCorrectModifiedTimeWhenMarkedAsModified" time="0.001"/>
  <testcase classname="storm.starter.tools.RankableObjectWithFieldsTest" name="constructorWithNegativeCountAndFieldsShouldThrowIAE" time="0"/>
  <testcase classname="storm.starter.tools.RankableObjectWithFieldsTest" name="constructorWithNegativeCountAndNoFieldsShouldThrowIAE" time="0.001"/>
  <testcase classname="storm.starter.tools.RankableObjectWithFieldsTest" name="constructorWithNullObjectAndFieldsShouldThrowIAE" time="0"/>
  <testcase classname="storm.starter.tools.RankableObjectWithFieldsTest" name="constructorWithNullObjectAndNoFieldsShouldThrowIAE" time="0.001"/>
  <testcase classname="storm.starter.tools.RankableObjectWithFieldsTest" name="copyShouldReturnCopy" time="0.005"/>
  <testcase classname="storm.starter.tools.RankableObjectWithFieldsTest" name="copyShouldReturnCopy" time="0.001"/>
  <testcase classname="storm.starter.tools.RankableObjectWithFieldsTest" name="copyShouldReturnCopy" time="0"/>
  <testcase classname="storm.starter.tools.RankableObjectWithFieldsTest" name="fieldsShouldBeImmutable" time="0"/>
  <testcase classname="storm.starter.tools.RankableObjectWithFieldsTest" name="shouldBeEqualToItself" time="0"/>
  <testcase classname="storm.starter.tools.RankableObjectWithFieldsTest" name="shouldBeEqualToTrueDuplicates" time="0.003"/>
  <testcase classname="storm.starter.tools.RankableObjectWithFieldsTest" name="shouldBeEqualToTrueDuplicates" time="0"/>
  <testcase classname="storm.starter.tools.RankableObjectWithFieldsTest" name="shouldBeEqualToTrueDuplicates" time="0.001"/>
  <testcase classname="storm.starter.tools.RankableObjectWithFieldsTest" name="shouldCreateRankableObjectFromTuple" time="0.007"/>
  <testcase classname="storm.starter.tools.RankableObjectWithFieldsTest" name="shouldHaveDifferentHashCodeThanFalseDuplicates" time="0"/>
  <testcase classname="storm.starter.tools.RankableObjectWithFieldsTest" name="shouldHaveDifferentHashCodeThanFalseDuplicates" time="0.001"/>
  <testcase classname="storm.starter.tools.RankableObjectWithFieldsTest" name="shouldHaveDifferentHashCodeThanFalseDuplicates" time="0"/>
  <testcase classname="storm.starter.tools.RankableObjectWithFieldsTest" name="shouldHaveDifferentHashCodeThanFalseDuplicates" time="0"/>
  <testcase classname="storm.starter.tools.RankableObjectWithFieldsTest" name="shouldHaveDifferentHashCodeThanFalseDuplicates" time="0"/>
  <testcase classname="storm.starter.tools.RankableObjectWithFieldsTest" name="shouldHaveDifferentHashCodeThanFalseDuplicates" time="0"/>
  <testcase classname="storm.starter.tools.RankableObjectWithFieldsTest" name="shouldHaveSameHashCodeAsTrueDuplicates" time="0"/>
  <testcase classname="storm.starter.tools.RankableObjectWithFieldsTest" name="shouldHaveSameHashCodeAsTrueDuplicates" time="0"/>
  <testcase classname="storm.starter.tools.RankableObjectWithFieldsTest" name="shouldHaveSameHashCodeAsTrueDuplicates" time="0"/>
  <testcase classname="storm.starter.tools.RankableObjectWithFieldsTest" name="shouldNotBeEqualToFalseDuplicates" time="0"/>
  <testcase classname="storm.starter.tools.RankableObjectWithFieldsTest" name="shouldNotBeEqualToFalseDuplicates" time="0"/>
  <testcase classname="storm.starter.tools.RankableObjectWithFieldsTest" name="shouldNotBeEqualToFalseDuplicates" time="0"/>
  <testcase classname="storm.starter.tools.RankableObjectWithFieldsTest" name="shouldNotBeEqualToFalseDuplicates" time="0"/>
  <testcase classname="storm.starter.tools.RankableObjectWithFieldsTest" name="shouldNotBeEqualToFalseDuplicates" time="0"/>
  <testcase classname="storm.starter.tools.RankableObjectWithFieldsTest" name="shouldNotBeEqualToFalseDuplicates" time="0"/>
  <testcase classname="storm.starter.tools.RankableObjectWithFieldsTest" name="shouldNotBeEqualToInstancesOfOtherClasses" time="0"/>
  <testcase classname="storm.starter.tools.RankableObjectWithFieldsTest" name="shouldNotBeEqualToInstancesOfOtherClasses" time="0"/>
  <testcase classname="storm.starter.tools.RankableObjectWithFieldsTest" name="shouldNotBeEqualToInstancesOfOtherClasses" time="0"/>
  <testcase classname="storm.starter.tools.RankableObjectWithFieldsTest" name="shouldNotBeEqualToInstancesOfOtherClasses" time="0.001"/>
  <testcase classname="storm.starter.tools.RankableObjectWithFieldsTest" name="shouldReturnTheCount" time="0"/>
  <testcase classname="storm.starter.tools.RankableObjectWithFieldsTest" name="shouldReturnTheFields" time="0"/>
  <testcase classname="storm.starter.tools.RankableObjectWithFieldsTest" name="shouldReturnTheFields" time="0.001"/>
  <testcase classname="storm.starter.tools.RankableObjectWithFieldsTest" name="shouldReturnTheObject" time="0"/>
  <testcase classname="storm.starter.tools.RankableObjectWithFieldsTest" name="toStringShouldContainStringRepresentationsOfObjectAndCount" time="0.003"/>
  <testcase classname="storm.starter.tools.RankableObjectWithFieldsTest" name="toStringShouldContainStringRepresentationsOfObjectAndCount" time="0"/>
  <testcase classname="storm.starter.tools.RankableObjectWithFieldsTest" name="verifyCompareTo" time="0"/>
  <testcase classname="storm.starter.tools.RankableObjectWithFieldsTest" name="verifyCompareTo" time="0"/>
  <testcase classname="storm.starter.tools.RankableObjectWithFieldsTest" name="verifyCompareTo" time="0"/>
  <testcase classname="storm.starter.tools.RankableObjectWithFieldsTest" name="verifyCompareTo" time="0"/>
  <testcase classname="storm.starter.tools.RankableObjectWithFieldsTest" name="verifyCompareTo" time="0"/>
  <testcase classname="storm.starter.tools.RankableObjectWithFieldsTest" name="verifyCompareTo" time="0"/>
  <testcase classname="storm.starter.tools.RankableObjectWithFieldsTest" name="verifyCompareTo" time="0"/>
  <testcase classname="storm.starter.tools.RankableObjectWithFieldsTest" name="verifyCompareTo" time="0"/>
  <testcase classname="storm.starter.tools.RankableObjectWithFieldsTest" name="verifyCompareTo" time="0"/>
  <testcase classname="storm.starter.tools.RankableObjectWithFieldsTest" name="verifyCompareTo" time="0"/>
  <testcase classname="storm.starter.tools.RankingsTest" name="constructorWithNegativeOrZeroTopNShouldThrowIAE" time="0"/>
  <testcase classname="storm.starter.tools.RankingsTest" name="constructorWithNegativeOrZeroTopNShouldThrowIAE" time="0"/>
  <testcase classname="storm.starter.tools.RankingsTest" name="constructorWithNegativeOrZeroTopNShouldThrowIAE" time="0"/>
  <testcase classname="storm.starter.tools.RankingsTest" name="constructorWithNegativeOrZeroTopNShouldThrowIAE" time="0"/>
  <testcase classname="storm.starter.tools.RankingsTest" name="constructorWithPositiveTopNShouldBeOk" time="0"/>
  <testcase classname="storm.starter.tools.RankingsTest" name="constructorWithPositiveTopNShouldBeOk" time="0"/>
  <testcase classname="storm.starter.tools.RankingsTest" name="constructorWithPositiveTopNShouldBeOk" time="0"/>
  <testcase classname="storm.starter.tools.RankingsTest" name="constructorWithPositiveTopNShouldBeOk" time="0"/>
  <testcase classname="storm.starter.tools.RankingsTest" name="copyConstructorShouldReturnCopy" time="0"/>
  <testcase classname="storm.starter.tools.RankingsTest" name="copyConstructorShouldReturnCopy" time="0"/>
  <testcase classname="storm.starter.tools.RankingsTest" name="copyConstructorShouldReturnCopy" time="0.001"/>
  <testcase classname="storm.starter.tools.RankingsTest" name="copyConstructorShouldReturnCopy" time="0"/>
  <testcase classname="storm.starter.tools.RankingsTest" name="copyConstructorShouldReturnCopy" time="0"/>
  <testcase classname="storm.starter.tools.RankingsTest" name="copyConstructorShouldReturnDefensiveCopy" time="0.001"/>
  <testcase classname="storm.starter.tools.RankingsTest" name="copyConstructorShouldReturnDefensiveCopy" time="0"/>
  <testcase classname="storm.starter.tools.RankingsTest" name="copyConstructorShouldReturnDefensiveCopy" time="0"/>
  <testcase classname="storm.starter.tools.RankingsTest" name="copyConstructorShouldReturnDefensiveCopy" time="0"/>
  <testcase classname="storm.starter.tools.RankingsTest" name="copyConstructorShouldReturnDefensiveCopy" time="0.001"/>
  <testcase classname="storm.starter.tools.RankingsTest" name="copyConstructorShouldReturnDefensiveCopy" time="0"/>
  <testcase classname="storm.starter.tools.RankingsTest" name="copyShouldReturnCopy" time="0"/>
  <testcase classname="storm.starter.tools.RankingsTest" name="copyShouldReturnCopy" time="0"/>
  <testcase classname="storm.starter.tools.RankingsTest" name="copyShouldReturnCopy" time="0.001"/>
  <testcase classname="storm.starter.tools.RankingsTest" name="copyShouldReturnCopy" time="0.001"/>
  <testcase classname="storm.starter.tools.RankingsTest" name="copyShouldReturnCopy" time="0"/>
  <testcase classname="storm.starter.tools.RankingsTest" name="copyShouldReturnDefensiveCopy" time="0"/>
  <testcase classname="storm.starter.tools.RankingsTest" name="copyShouldReturnDefensiveCopy" time="0"/>
  <testcase classname="storm.starter.tools.RankingsTest" name="copyShouldReturnDefensiveCopy" time="0"/>
  <testcase classname="storm.starter.tools.RankingsTest" name="copyShouldReturnDefensiveCopy" time="0"/>
  <testcase classname="storm.starter.tools.RankingsTest" name="copyShouldReturnDefensiveCopy" time="0"/>
  <testcase classname="storm.starter.tools.RankingsTest" name="copyShouldReturnDefensiveCopy" time="0.001"/>
  <testcase classname="storm.starter.tools.RankingsTest" name="defaultConstructorShouldSetPositiveTopN" time="0.003"/>
  <testcase classname="storm.starter.tools.RankingsTest" name="shouldCorrectlyRankWhenEmptyAndUpdatedWithOtherRankings" time="0"/>
  <testcase classname="storm.starter.tools.RankingsTest" name="shouldCorrectlyRankWhenEmptyAndUpdatedWithOtherRankings" time="0"/>
  <testcase classname="storm.starter.tools.RankingsTest" name="shouldCorrectlyRankWhenEmptyAndUpdatedWithOtherRankings" time="0.001"/>
  <testcase classname="storm.starter.tools.RankingsTest" name="shouldCorrectlyRankWhenEmptyAndUpdatedWithOtherRankings" time="0.003"/>
  <testcase classname="storm.starter.tools.RankingsTest" name="shouldCorrectlyRankWhenNotEmptyAndUpdatedWithOtherRankings" time="0"/>
  <testcase classname="storm.starter.tools.RankingsTest" name="shouldCorrectlyRankWhenNotEmptyAndUpdatedWithOtherRankings" time="0"/>
  <testcase classname="storm.starter.tools.RankingsTest" name="shouldCorrectlyRankWhenNotEmptyAndUpdatedWithOtherRankings" time="0"/>
  <testcase classname="storm.starter.tools.RankingsTest" name="shouldCorrectlyRankWhenNotEmptyAndUpdatedWithOtherRankings" time="0"/>
  <testcase classname="storm.starter.tools.RankingsTest" name="shouldCorrectlyRankWhenUpdatedWithEmptyOtherRankings" time="0"/>
  <testcase classname="storm.starter.tools.RankingsTest" name="shouldCorrectlyRankWhenUpdatedWithEmptyOtherRankings" time="0.001"/>
  <testcase classname="storm.starter.tools.RankingsTest" name="shouldCorrectlyRankWhenUpdatedWithEmptyOtherRankings" time="0"/>
  <testcase classname="storm.starter.tools.RankingsTest" name="shouldCorrectlyRankWhenUpdatedWithEmptyOtherRankings" time="0"/>
  <testcase classname="storm.starter.tools.RankingsTest" name="shouldCorrectlyRankWhenUpdatedWithRankables" time="0"/>
  <testcase classname="storm.starter.tools.RankingsTest" name="shouldCorrectlyRankWhenUpdatedWithRankables" time="0"/>
  <testcase classname="storm.starter.tools.RankingsTest" name="shouldCorrectlyRankWhenUpdatedWithRankables" time="0.012"/>
  <testcase classname="storm.starter.tools.RankingsTest" name="shouldCorrectlyRankWhenUpdatedWithRankables" time="0.001"/>
  <testcase classname="storm.starter.tools.RankingsTest" name="shouldHaveDefaultConstructor" time="0"/>
  <testcase classname="storm.starter.tools.RankingsTest" name="shouldNotRankDuplicateObjectsMoreThanOnce" time="0.005"/>
  <testcase classname="storm.starter.tools.RankingsTest" name="shouldNotRankDuplicateObjectsMoreThanOnce" time="0.001"/>
  <testcase classname="storm.starter.tools.RankingsTest" name="shouldRemoveZeroCounts" time="0.004"/>
  <testcase classname="storm.starter.tools.RankingsTest" name="shouldRemoveZeroCounts" time="0.002"/>
  <testcase classname="storm.starter.tools.RankingsTest" name="shouldRemoveZeroCounts" time="0"/>
  <testcase classname="storm.starter.tools.RankingsTest" name="shouldRemoveZeroCounts" time="0.001"/>
  <testcase classname="storm.starter.tools.RankingsTest" name="shouldRemoveZeroCounts" time="0"/>
  <testcase classname="storm.starter.tools.RankingsTest" name="shouldRemoveZeroCounts" time="0"/>
  <testcase classname="storm.starter.tools.RankingsTest" name="shouldRemoveZeroCounts" time="0"/>
  <testcase classname="storm.starter.tools.RankingsTest" name="sizeOfRankingsShouldNotGrowBeyondTopN" time="0.001"/>
  <testcase classname="storm.starter.tools.RankingsTest" name="sizeOfRankingsShouldNotGrowBeyondTopN" time="0.001"/>
  <testcase classname="storm.starter.tools.RankingsTest" name="updatingWithNewRankablesShouldBeThreadSafe" time="0.017"/>
  <testcase classname="storm.starter.bolt.RollingCountBoltTest" name="shouldDeclareOutputFields" time="0.003"/>
  <testcase classname="storm.starter.bolt.RollingCountBoltTest" name="shouldEmitNothingIfNoObjectHasBeenCountedYetAndTickTupleIsReceived" time="0.152"/>
  <testcase classname="storm.starter.bolt.RollingCountBoltTest" name="shouldEmitSomethingIfAtLeastOneObjectWasCountedAndTickTupleIsReceived" time="0.067"/>
  <testcase classname="storm.starter.bolt.RollingCountBoltTest" name="shouldSetTickTupleFrequencyInComponentConfigurationToNonZeroValue" time="0"/>
  <testcase classname="storm.starter.tools.SlidingWindowCounterTest" name="lessThanTwoSlotsShouldThrowIAE" time="0"/>
  <testcase classname="storm.starter.tools.SlidingWindowCounterTest" name="lessThanTwoSlotsShouldThrowIAE" time="0"/>
  <testcase classname="storm.starter.tools.SlidingWindowCounterTest" name="lessThanTwoSlotsShouldThrowIAE" time="0"/>
  <testcase classname="storm.starter.tools.SlidingWindowCounterTest" name="lessThanTwoSlotsShouldThrowIAE" time="0"/>
  <testcase classname="storm.starter.tools.SlidingWindowCounterTest" name="lessThanTwoSlotsShouldThrowIAE" time="0"/>
  <testcase classname="storm.starter.tools.SlidingWindowCounterTest" name="lessThanTwoSlotsShouldThrowIAE" time="0"/>
  <testcase classname="storm.starter.tools.SlidingWindowCounterTest" name="newInstanceShouldHaveEmptyCounts" time="0"/>
  <testcase classname="storm.starter.tools.SlidingWindowCounterTest" name="testCounterWithSimulatedRuns" time="0"/>
  <testcase classname="storm.starter.tools.SlidingWindowCounterTest" name="testCounterWithSimulatedRuns" time="0"/>
  <testcase classname="storm.starter.tools.SlidingWindowCounterTest" name="testCounterWithSimulatedRuns" time="0"/>
  <testcase classname="storm.starter.tools.SlidingWindowCounterTest" name="testCounterWithSimulatedRuns" time="0"/>
  <testcase classname="storm.starter.tools.SlidingWindowCounterTest" name="testCounterWithSimulatedRuns" time="0"/>
  <testcase classname="storm.starter.tools.SlidingWindowCounterTest" name="twoOrMoreSlotsShouldBeValid" time="0"/>
  <testcase classname="storm.starter.tools.SlidingWindowCounterTest" name="twoOrMoreSlotsShouldBeValid" time="0"/>
  <testcase classname="storm.starter.tools.SlidingWindowCounterTest" name="twoOrMoreSlotsShouldBeValid" time="0"/>
  <testcase classname="storm.starter.tools.SlotBasedCounterTest" name="negativeOrZeroNumSlotsShouldThrowIAE" time="0"/>
  <testcase classname="storm.starter.tools.SlotBasedCounterTest" name="negativeOrZeroNumSlotsShouldThrowIAE" time="0"/>
  <testcase classname="storm.starter.tools.SlotBasedCounterTest" name="negativeOrZeroNumSlotsShouldThrowIAE" time="0"/>
  <testcase classname="storm.starter.tools.SlotBasedCounterTest" name="negativeOrZeroNumSlotsShouldThrowIAE" time="0"/>
  <testcase classname="storm.starter.tools.SlotBasedCounterTest" name="negativeOrZeroNumSlotsShouldThrowIAE" time="0"/>
  <testcase classname="storm.starter.tools.SlotBasedCounterTest" name="newInstanceShouldHaveEmptyCounts" time="0"/>
  <testcase classname="storm.starter.tools.SlotBasedCounterTest" name="positiveNumSlotsShouldBeOk" time="0"/>
  <testcase classname="storm.starter.tools.SlotBasedCounterTest" name="positiveNumSlotsShouldBeOk" time="0"/>
  <testcase classname="storm.starter.tools.SlotBasedCounterTest" name="positiveNumSlotsShouldBeOk" time="0"/>
  <testcase classname="storm.starter.tools.SlotBasedCounterTest" name="positiveNumSlotsShouldBeOk" time="0"/>
  <testcase classname="storm.starter.tools.SlotBasedCounterTest" name="shouldIncrementCount" time="0"/>
  <testcase classname="storm.starter.tools.SlotBasedCounterTest" name="shouldIncrementCountOnlyOneSlotAtATime" time="0"/>
  <testcase classname="storm.starter.tools.SlotBasedCounterTest" name="shouldReturnNonEmptyCountsWhenAtLeastOneObjectWasCounted" time="0"/>
  <testcase classname="storm.starter.tools.SlotBasedCounterTest" name="shouldReturnZeroForNonexistentObject" time="0"/>
  <testcase classname="storm.starter.tools.SlotBasedCounterTest" name="wipeSlotShouldSetAllCountsInSlotToZero" time="0"/>
  <testcase classname="storm.starter.tools.SlotBasedCounterTest" name="wipeZerosShouldRemoveAnyObjectsWithZeroTotalCount" time="0"/>
  <testcase classname="storm.starter.bolt.TotalRankingsBoltTest" name="negativeOrZeroEmitFrequencyShouldThrowIAE" time="0"/>
  <testcase classname="storm.starter.bolt.TotalRankingsBoltTest" name="negativeOrZeroEmitFrequencyShouldThrowIAE" time="0"/>
  <testcase classname="storm.starter.bolt.TotalRankingsBoltTest" name="negativeOrZeroEmitFrequencyShouldThrowIAE" time="0"/>
  <testcase classname="storm.starter.bolt.TotalRankingsBoltTest" name="negativeOrZeroEmitFrequencyShouldThrowIAE" time="0"/>
  <testcase classname="storm.starter.bolt.TotalRankingsBoltTest" name="negativeOrZeroEmitFrequencyShouldThrowIAE" time="0"/>
  <testcase classname="storm.starter.bolt.TotalRankingsBoltTest" name="negativeOrZeroTopNShouldThrowIAE" time="0"/>
  <testcase classname="storm.starter.bolt.TotalRankingsBoltTest" name="negativeOrZeroTopNShouldThrowIAE" time="0"/>
  <testcase classname="storm.starter.bolt.TotalRankingsBoltTest" name="negativeOrZeroTopNShouldThrowIAE" time="0"/>
  <testcase classname="storm.starter.bolt.TotalRankingsBoltTest" name="negativeOrZeroTopNShouldThrowIAE" time="0"/>
  <testcase classname="storm.starter.bolt.TotalRankingsBoltTest" name="negativeOrZeroTopNShouldThrowIAE" time="0"/>
  <testcase classname="storm.starter.bolt.TotalRankingsBoltTest" name="positiveEmitFrequencyShouldBeOk" time="0"/>
  <testcase classname="storm.starter.bolt.TotalRankingsBoltTest" name="positiveEmitFrequencyShouldBeOk" time="0"/>
  <testcase classname="storm.starter.bolt.TotalRankingsBoltTest" name="positiveEmitFrequencyShouldBeOk" time="0"/>
  <testcase classname="storm.starter.bolt.TotalRankingsBoltTest" name="positiveEmitFrequencyShouldBeOk" time="0"/>
  <testcase classname="storm.starter.bolt.TotalRankingsBoltTest" name="positiveTopNShouldBeOk" time="0"/>
  <testcase classname="storm.starter.bolt.TotalRankingsBoltTest" name="positiveTopNShouldBeOk" time="0"/>
  <testcase classname="storm.starter.bolt.TotalRankingsBoltTest" name="positiveTopNShouldBeOk" time="0"/>
  <testcase classname="storm.starter.bolt.TotalRankingsBoltTest" name="positiveTopNShouldBeOk" time="0"/>
  <testcase classname="storm.starter.bolt.TotalRankingsBoltTest" name="shouldDeclareOutputFields" time="0"/>
  <testcase classname="storm.starter.bolt.TotalRankingsBoltTest" name="shouldEmitNothingIfNormalTupleIsReceived" time="0"/>
  <testcase classname="storm.starter.bolt.TotalRankingsBoltTest" name="shouldEmitSomethingIfTickTupleIsReceived" time="0"/>
  <testcase classname="storm.starter.bolt.TotalRankingsBoltTest" name="shouldSetTickTupleFrequencyInComponentConfigurationToNonZeroValue" time="0"/>
</testsuite>